<?xml version="1.0" encoding="UTF-8"?>
<!-- Generated by org.testng.reporters.JUnitXMLReporter -->
<testsuite hostname="Venkatramanas-MacBook-Air.local" ignored="1" name="RedBusTests" tests="1" failures="0" timestamp="11 Nov 2018 04:16:44 GMT" time="0.001" errors="0">
  <testcase name="test1" time="0.0" classname="com.selenium.acc.project.AppTest"/>
  <testcase name="test" time="0.0" classname="com.selenium.acc.project.AppTest">
    <ignored/>
  </testcase> <!-- test -->
</testsuite> <!-- RedBusTests -->
